<?xml version="1.0" encoding="UTF-8"?>
<testng-results skipped="0" failed="0" ignored="0" total="2" passed="2">
  <reporter-output>
  </reporter-output>
  <suite name="Default suite" duration-ms="31297" started-at="2019-10-01T13:37:42 PDT" finished-at="2019-10-01T13:38:13 PDT">
    <groups>
    </groups>
    <test name="Default test" duration-ms="31297" started-at="2019-10-01T13:37:42 PDT" finished-at="2019-10-01T13:38:13 PDT">
      <class name="tests.Tests">
        <test-method status="PASS" signature="setUp()[pri:0, instance:tests.Tests@1e6d1014]" name="setUp" is-config="true" duration-ms="16060" started-at="2019-10-01T13:37:42 PDT" finished-at="2019-10-01T13:37:58 PDT">
          <reporter-output>
          </reporter-output>
        </test-method> <!-- setUp -->
        <test-method status="PASS" signature="sampleTest()[pri:0, instance:tests.Tests@1e6d1014]" name="sampleTest" duration-ms="24" started-at="2019-10-01T13:37:58 PDT" finished-at="2019-10-01T13:37:58 PDT">
          <reporter-output>
          </reporter-output>
        </test-method> <!-- sampleTest -->
        <test-method status="PASS" signature="testOne()[pri:1, instance:tests.Tests@1e6d1014]" name="testOne" duration-ms="12374" started-at="2019-10-01T13:37:58 PDT" finished-at="2019-10-01T13:38:10 PDT">
          <reporter-output>
          </reporter-output>
        </test-method> <!-- testOne -->
        <test-method status="PASS" signature="tearDown()[pri:0, instance:tests.Tests@1e6d1014]" name="tearDown" is-config="true" duration-ms="2772" started-at="2019-10-01T13:38:10 PDT" finished-at="2019-10-01T13:38:13 PDT">
          <reporter-output>
          </reporter-output>
        </test-method> <!-- tearDown -->
      </class> <!-- tests.Tests -->
    </test> <!-- Default test -->
  </suite> <!-- Default suite -->
</testng-results>
